<?xml version="1.0" encoding="UTF-8"?>
<testng-results ignored="0" total="1" passed="1" failed="0" skipped="0">
  <reporter-output>
  </reporter-output>
  <suite started-at="2023-06-27T14:06:40 IST" name="Default suite" finished-at="2023-06-27T14:06:47 IST" duration-ms="6929">
    <groups>
    </groups>
    <test started-at="2023-06-27T14:06:40 IST" name="Default test" finished-at="2023-06-27T14:06:47 IST" duration-ms="6929">
      <class name="ExtentReport">
        <test-method is-config="true" signature="config()[pri:0, instance:ExtentReport@7b36aa0c]" started-at="2023-06-27T14:06:40 IST" name="config" finished-at="2023-06-27T14:06:41 IST" duration-ms="459" status="PASS">
          <reporter-output>
          </reporter-output>
        </test-method> <!-- config -->
        <test-method signature="InitialDemo()[pri:0, instance:ExtentReport@7b36aa0c]" started-at="2023-06-27T14:06:41 IST" name="InitialDemo" finished-at="2023-06-27T14:06:47 IST" duration-ms="6382" status="PASS">
          <reporter-output>
          </reporter-output>
        </test-method> <!-- InitialDemo -->
      </class> <!-- ExtentReport -->
    </test> <!-- Default test -->
  </suite> <!-- Default suite -->
</testng-results>
